<?xml version="1.0" encoding="UTF-8"?>
<!-- Generated by org.testng.reporters.JUnitReportReporter -->
<testsuite hostname="Ezypc" failures="0" tests="3" name="runner.testRunner" time="0.595" errors="0" timestamp="2022-09-21T20:19:46 EDT" skipped="0">
  <testcase classname="runner.testRunner" name="runScenario" time="0.549"/>
  <system-out/>
  <testcase classname="runner.testRunner" name="runScenario" time="0.020"/>
  <system-out/>
  <testcase classname="runner.testRunner" name="runScenario" time="0.026"/>
  <system-out/>
</testsuite> <!-- runner.testRunner -->
